============================= test session starts ==============================
platform darwin -- Python 3.13.7, pytest-9.1.1, pluggy-1.6.0 -- /Library/Frameworks/Python.framework/Versions/3.13/bin/python3
cachedir: .pytest_cache
rootdir: /Users/syedshaju/Desktop/Nifty100_Financial_Intelligence
plugins: anyio-4.14.2
collecting ... collected 105 items

tests/analytics/test_carg.py::TestCAGR::test_both_negative PASSED        [  0%]
tests/analytics/test_carg.py::TestCAGR::test_decline_to_loss PASSED      [  1%]
tests/analytics/test_carg.py::TestCAGR::test_eps_cagr PASSED             [  2%]
tests/analytics/test_carg.py::TestCAGR::test_insufficient PASSED         [  3%]
tests/analytics/test_carg.py::TestCAGR::test_long_term PASSED            [  4%]
tests/analytics/test_carg.py::TestCAGR::test_normal_cagr PASSED          [  5%]
tests/analytics/test_carg.py::TestCAGR::test_pat_cagr PASSED             [  6%]
tests/analytics/test_carg.py::TestCAGR::test_revenue_cagr PASSED         [  7%]
tests/analytics/test_carg.py::TestCAGR::test_turnaround PASSED           [  8%]
tests/analytics/test_carg.py::TestCAGR::test_zero_base PASSED            [  9%]
tests/analytics/test_cashflow.py::TestCashFlowKPIs::test_capex_asset_light PASSED [ 10%]
tests/analytics/test_cashflow.py::TestCashFlowKPIs::test_capex_capital_intensive PASSED [ 11%]
tests/analytics/test_cashflow.py::TestCashFlowKPIs::test_capex_moderate PASSED [ 12%]
tests/analytics/test_cashflow.py::TestCashFlowKPIs::test_capex_zero_sales PASSED [ 13%]
tests/analytics/test_cashflow.py::TestCashFlowKPIs::test_capital_allocation_cash_accumulator PASSED [ 14%]
tests/analytics/test_cashflow.py::TestCashFlowKPIs::test_capital_allocation_distress PASSED [ 15%]
tests/analytics/test_cashflow.py::TestCashFlowKPIs::test_capital_allocation_growth_debt PASSED [ 16%]
tests/analytics/test_cashflow.py::TestCashFlowKPIs::test_capital_allocation_liquidating_assets PASSED [ 17%]
tests/analytics/test_cashflow.py::TestCashFlowKPIs::test_capital_allocation_mixed PASSED [ 18%]
tests/analytics/test_cashflow.py::TestCashFlowKPIs::test_capital_allocation_pre_revenue PASSED [ 19%]
tests/analytics/test_cashflow.py::TestCashFlowKPIs::test_capital_allocation_reinvestor PASSED [ 20%]
tests/analytics/test_cashflow.py::TestCashFlowKPIs::test_capital_allocation_shareholder_returns PASSED [ 20%]
tests/analytics/test_cashflow.py::TestCashFlowKPIs::test_cfo_quality_accrual_risk PASSED [ 21%]
tests/analytics/test_cashflow.py::TestCashFlowKPIs::test_cfo_quality_high PASSED [ 22%]
tests/analytics/test_cashflow.py::TestCashFlowKPIs::test_cfo_quality_moderate PASSED [ 23%]
tests/analytics/test_cashflow.py::TestCashFlowKPIs::test_cfo_quality_zero_pat PASSED [ 24%]
tests/analytics/test_cashflow.py::TestCashFlowKPIs::test_fcf_conversion PASSED [ 25%]
tests/analytics/test_cashflow.py::TestCashFlowKPIs::test_fcf_conversion_zero_operating_profit PASSED [ 26%]
tests/analytics/test_cashflow.py::TestCashFlowKPIs::test_free_cash_flow_negative PASSED [ 27%]
tests/analytics/test_cashflow.py::TestCashFlowKPIs::test_free_cash_flow_positive PASSED [ 28%]
tests/analytics/test_efficiency.py::TestEfficiency::test_asset_turnover_normal PASSED [ 29%]
tests/analytics/test_efficiency.py::TestEfficiency::test_asset_turnover_zero_assets PASSED [ 30%]
tests/analytics/test_efficiency.py::TestEfficiency::test_dso_normal PASSED [ 31%]
tests/analytics/test_efficiency.py::TestEfficiency::test_dso_zero_revenue PASSED [ 32%]
tests/analytics/test_efficiency.py::TestEfficiency::test_inventory_turnover_normal PASSED [ 33%]
tests/analytics/test_efficiency.py::TestEfficiency::test_inventory_turnover_zero_inventory PASSED [ 34%]
tests/analytics/test_efficiency.py::TestEfficiency::test_receivables_turnover_normal PASSED [ 35%]
tests/analytics/test_efficiency.py::TestEfficiency::test_receivables_turnover_zero_receivables PASSED [ 36%]
tests/analytics/test_efficiency.py::TestEfficiency::test_working_capital_turnover_normal PASSED [ 37%]
tests/analytics/test_efficiency.py::TestEfficiency::test_working_capital_turnover_zero PASSED [ 38%]
tests/analytics/test_leverage.py::TestLeverageRatios::test_asset_turnover PASSED [ 39%]
tests/analytics/test_leverage.py::TestLeverageRatios::test_asset_turnover_zero_assets PASSED [ 40%]
tests/analytics/test_leverage.py::TestLeverageRatios::test_debt_to_equity_debt_free PASSED [ 40%]
tests/analytics/test_leverage.py::TestLeverageRatios::test_debt_to_equity_negative_equity PASSED [ 41%]
tests/analytics/test_leverage.py::TestLeverageRatios::test_debt_to_equity_normal PASSED [ 42%]
tests/analytics/test_leverage.py::TestLeverageRatios::test_financial_sector_no_flag PASSED [ 43%]
tests/analytics/test_leverage.py::TestLeverageRatios::test_high_leverage_flag PASSED [ 44%]
tests/analytics/test_leverage.py::TestLeverageRatios::test_icr_label PASSED [ 45%]
tests/analytics/test_leverage.py::TestLeverageRatios::test_icr_warning PASSED [ 46%]
tests/analytics/test_leverage.py::TestLeverageRatios::test_interest_coverage_ratio PASSED [ 47%]
tests/analytics/test_leverage.py::TestLeverageRatios::test_interest_zero PASSED [ 48%]
tests/analytics/test_leverage.py::TestLeverageRatios::test_net_debt PASSED [ 49%]
tests/analytics/test_liquidity.py::TestLiquidity::test_cash_ratio_normal PASSED [ 50%]
tests/analytics/test_liquidity.py::TestLiquidity::test_cash_ratio_zero_liabilities PASSED [ 51%]
tests/analytics/test_liquidity.py::TestLiquidity::test_current_ratio_fraction PASSED [ 52%]
tests/analytics/test_liquidity.py::TestLiquidity::test_current_ratio_normal PASSED [ 53%]
tests/analytics/test_liquidity.py::TestLiquidity::test_current_ratio_zero_liabilities PASSED [ 54%]
tests/analytics/test_liquidity.py::TestLiquidity::test_liquidity_adequate PASSED [ 55%]
tests/analytics/test_liquidity.py::TestLiquidity::test_liquidity_exact_adequate_boundary PASSED [ 56%]
tests/analytics/test_liquidity.py::TestLiquidity::test_liquidity_exact_strong_boundary PASSED [ 57%]
tests/analytics/test_liquidity.py::TestLiquidity::test_liquidity_strong PASSED [ 58%]
tests/analytics/test_liquidity.py::TestLiquidity::test_liquidity_unknown PASSED [ 59%]
tests/analytics/test_liquidity.py::TestLiquidity::test_liquidity_weak PASSED [ 60%]
tests/analytics/test_liquidity.py::TestLiquidity::test_quick_ratio_normal PASSED [ 60%]
tests/analytics/test_liquidity.py::TestLiquidity::test_quick_ratio_zero_liabilities PASSED [ 61%]
tests/analytics/test_profitability.py::TestProfitabilityRatios::test_negative_equity PASSED [ 62%]
tests/analytics/test_profitability.py::TestProfitabilityRatios::test_net_profit_margin PASSED [ 63%]
tests/analytics/test_profitability.py::TestProfitabilityRatios::test_net_profit_margin_zero_sales PASSED [ 64%]
tests/analytics/test_profitability.py::TestProfitabilityRatios::test_operating_profit_margin PASSED [ 65%]
tests/analytics/test_profitability.py::TestProfitabilityRatios::test_opm_crosscheck PASSED [ 66%]
tests/analytics/test_profitability.py::TestProfitabilityRatios::test_return_on_assets PASSED [ 67%]
tests/analytics/test_profitability.py::TestProfitabilityRatios::test_return_on_assets_zero PASSED [ 68%]
tests/analytics/test_profitability.py::TestProfitabilityRatios::test_return_on_capital_employed PASSED [ 69%]
tests/analytics/test_profitability.py::TestProfitabilityRatios::test_return_on_equity PASSED [ 70%]
tests/analytics/test_profitability.py::TestProfitabilityRatios::test_roce_benchmark_average PASSED [ 71%]
tests/analytics/test_profitability.py::TestProfitabilityRatios::test_roce_benchmark_financials PASSED [ 72%]
tests/analytics/test_profitability.py::TestProfitabilityRatios::test_roce_benchmark_good PASSED [ 73%]
tests/analytics/test_profitability.py::TestProfitabilityRatios::test_roce_benchmark_poor PASSED [ 74%]
tests/analytics/test_valuation.py::TestValuation::test_earnings_yield_normal PASSED [ 75%]
tests/analytics/test_valuation.py::TestValuation::test_earnings_yield_zero_price PASSED [ 76%]
tests/analytics/test_valuation.py::TestValuation::test_enterprise_value_no_cash PASSED [ 77%]
tests/analytics/test_valuation.py::TestValuation::test_enterprise_value_no_debt PASSED [ 78%]
tests/analytics/test_valuation.py::TestValuation::test_enterprise_value_normal PASSED [ 79%]
tests/analytics/test_valuation.py::TestValuation::test_ev_ebitda_negative PASSED [ 80%]
tests/analytics/test_valuation.py::TestValuation::test_ev_ebitda_normal PASSED [ 80%]
tests/analytics/test_valuation.py::TestValuation::test_ev_ebitda_zero PASSED [ 81%]
tests/analytics/test_valuation.py::TestValuation::test_pb_negative_book_value PASSED [ 82%]
tests/analytics/test_valuation.py::TestValuation::test_pb_normal PASSED  [ 83%]
tests/analytics/test_valuation.py::TestValuation::test_pb_zero_book_value PASSED [ 84%]
tests/analytics/test_valuation.py::TestValuation::test_pe_negative_eps PASSED [ 85%]
tests/analytics/test_valuation.py::TestValuation::test_pe_normal PASSED  [ 86%]
tests/analytics/test_valuation.py::TestValuation::test_pe_zero_eps PASSED [ 87%]
tests/analytics/test_valuation.py::TestValuation::test_peg_negative_growth PASSED [ 88%]
tests/analytics/test_valuation.py::TestValuation::test_peg_normal PASSED [ 89%]
tests/analytics/test_valuation.py::TestValuation::test_peg_zero_growth PASSED [ 90%]
tests/analytics/test_valuation.py::TestValuation::test_valuation_expensive PASSED [ 91%]
tests/analytics/test_valuation.py::TestValuation::test_valuation_fair PASSED [ 92%]
tests/analytics/test_valuation.py::TestValuation::test_valuation_peg_signal PASSED [ 93%]
tests/analytics/test_valuation.py::TestValuation::test_valuation_summary PASSED [ 94%]
tests/analytics/test_valuation.py::TestValuation::test_valuation_summary_loss_making_company PASSED [ 95%]
tests/analytics/test_valuation.py::TestValuation::test_valuation_undervalued PASSED [ 96%]
tests/analytics/test_valuation.py::TestValuation::test_valuation_unknown PASSED [ 97%]
tests/api/test_api.py::test_api_endpoints PASSED                         [ 98%]
tests/performance/test_api_load.py::test_10_concurrent_screener_requests PASSED [ 99%]
tests/screener/test_presets.py::TestPresets::test_quality_compounder PASSED [100%]

============================= 105 passed in 1.36s ==============================
